# JRE version: OpenJDK Runtime Environment Microsoft-8035250 (11.0.20+8) (build 11.0.20+8-LTS)
# Java VM: OpenJDK 64-Bit Server VM Microsoft-8035250 (11.0.20+8-LTS, mixed mode, tiered, compressed oops, g1 gc, windows-amd64)
Heap:
 garbage-first heap   total 183296K, used 104960K [0x0000000084000000, 0x0000000100000000)
  region size 1024K, 50 young (51200K), 7 survivors (7168K)
 Metaspace       used 82416K, capacity 83305K, committed 83456K, reserved 1124352K
  class space    used 9040K, capacity 9406K, committed 9472K, reserved 1048576K
GC Heap History (20 events):
Event: 0.777 GC heap before
{Heap before GC invocations=0 (full 0):
 garbage-first heap   total 126976K, used 17408K [0x0000000084000000, 0x0000000100000000)
  region size 1024K, 14 young (14336K), 0 survivors (0K)
 Metaspace       used 9862K, capacity 9966K, committed 10112K, reserved 1058816K
  class space    used 826K, capacity 853K, committed 896K, reserved 1048576K
}
Event: 0.785 GC heap after
{Heap after GC invocations=1 (full 0):
 garbage-first heap   total 126976K, used 5351K [0x0000000084000000, 0x0000000100000000)
  region size 1024K, 2 young (2048K), 2 survivors (2048K)
 Metaspace       used 9862K, capacity 9966K, committed 10112K, reserved 1058816K
  class space    used 826K, capacity 853K, committed 896K, reserved 1048576K
}
Event: 2.553 GC heap before
{Heap before GC invocations=1 (full 0):
 garbage-first heap   total 126976K, used 51431K [0x0000000084000000, 0x0000000100000000)
  region size 1024K, 48 young (49152K), 2 survivors (2048K)
 Metaspace       used 21002K, capacity 21178K, committed 21248K, reserved 1069056K
  class space    used 2199K, capacity 2280K, committed 2304K, reserved 1048576K
}
Event: 2.569 GC heap after
{Heap after GC invocations=2 (full 0):
 garbage-first heap   total 126976K, used 9221K [0x0000000084000000, 0x0000000100000000)
  region size 1024K, 6 young (6144K), 6 survivors (6144K)
 Metaspace       used 21002K, capacity 21178K, committed 21248K, reserved 1069056K
  class space    used 2199K, capacity 2280K, committed 2304K, reserved 1048576K
}
Event: 4.998 GC heap before
{Heap before GC invocations=3 (full 0):
 garbage-first heap   total 126976K, used 62469K [0x0000000084000000, 0x0000000100000000)
  region size 1024K, 53 young (54272K), 6 survivors (6144K)
 Metaspace       used 32453K, capacity 32885K, committed 32896K, reserved 1077248K
  class space    used 4015K, capacity 4214K, committed 4224K, reserved 1048576K
}
Event: 5.027 GC heap after
{Heap after GC invocations=4 (full 0):
 garbage-first heap   total 126976K, used 20914K [0x0000000084000000, 0x0000000100000000)
  region size 1024K, 7 young (7168K), 7 survivors (7168K)
 Metaspace       used 32453K, capacity 32885K, committed 32896K, reserved 1077248K
  class space    used 4015K, capacity 4214K, committed 4224K, reserved 1048576K
}
Event: 5.647 GC heap before
{Heap before GC invocations=4 (full 0):
 garbage-first heap   total 126976K, used 33202K [0x0000000084000000, 0x0000000100000000)
  region size 1024K, 20 young (20480K), 7 survivors (7168K)
 Metaspace       used 35265K, capacity 35680K, committed 35840K, reserved 1081344K
  class space    used 4316K, capacity 4506K, committed 4608K, reserved 1048576K
}
Event: 5.662 GC heap after
{Heap after GC invocations=5 (full 0):
 garbage-first heap   total 126976K, used 20475K [0x0000000084000000, 0x0000000100000000)
  region size 1024K, 2 young (2048K), 2 survivors (2048K)
 Metaspace       used 35265K, capacity 35680K, committed 35840K, reserved 1081344K
  class space    used 4316K, capacity 4506K, committed 4608K, reserved 1048576K
}
Event: 7.905 GC heap before
{Heap before GC invocations=6 (full 0):
 garbage-first heap   total 126976K, used 79867K [0x0000000084000000, 0x0000000100000000)
  region size 1024K, 58 young (59392K), 2 survivors (2048K)
 Metaspace       used 47916K, capacity 48455K, committed 48640K, reserved 1091584K
  class space    used 5596K, capacity 5829K, committed 5888K, reserved 1048576K
}
Event: 7.921 GC heap after
{Heap after GC invocations=7 (full 0):
 garbage-first heap   total 152576K, used 27370K [0x0000000084000000, 0x0000000100000000)
  region size 1024K, 7 young (7168K), 7 survivors (7168K)
 Metaspace       used 47916K, capacity 48455K, committed 48640K, reserved 1091584K
  class space    used 5596K, capacity 5829K, committed 5888K, reserved 1048576K
}
Event: 10.486 GC heap before
{Heap before GC invocations=7 (full 0):
 garbage-first heap   total 152576K, used 94954K [0x0000000084000000, 0x0000000100000000)
  region size 1024K, 72 young (73728K), 7 survivors (7168K)
 Metaspace       used 56143K, capacity 56903K, committed 57216K, reserved 1099776K
  class space    used 6624K, capacity 6941K, committed 7040K, reserved 1048576K
}
Event: 10.509 GC heap after
{Heap after GC invocations=8 (full 0):
 garbage-first heap   total 152576K, used 33714K [0x0000000084000000, 0x0000000100000000)
  region size 1024K, 7 young (7168K), 7 survivors (7168K)
 Metaspace       used 56143K, capacity 56903K, committed 57216K, reserved 1099776K
  class space    used 6624K, capacity 6941K, committed 7040K, reserved 1048576K
}
Event: 12.635 GC heap before
{Heap before GC invocations=8 (full 0):
 garbage-first heap   total 152576K, used 54194K [0x0000000084000000, 0x0000000100000000)
  region size 1024K, 28 young (28672K), 7 survivors (7168K)
 Metaspace       used 59399K, capacity 60143K, committed 60160K, reserved 1101824K
  class space    used 6956K, capacity 7288K, committed 7296K, reserved 1048576K
}
Event: 12.651 GC heap after
{Heap after GC invocations=9 (full 0):
 garbage-first heap   total 152576K, used 37260K [0x0000000084000000, 0x0000000100000000)
  region size 1024K, 4 young (4096K), 4 survivors (4096K)
 Metaspace       used 59399K, capacity 60143K, committed 60160K, reserved 1101824K
  class space    used 6956K, capacity 7288K, committed 7296K, reserved 1048576K
}
Event: 16.627 GC heap before
{Heap before GC invocations=10 (full 0):
 garbage-first heap   total 152576K, used 107916K [0x0000000084000000, 0x0000000100000000)
  region size 1024K, 73 young (74752K), 4 survivors (4096K)
 Metaspace       used 62466K, capacity 63291K, committed 63360K, reserved 1105920K
  class space    used 7197K, capacity 7545K, committed 7552K, reserved 1048576K
}
Event: 16.651 GC heap after
{Heap after GC invocations=11 (full 0):
 garbage-first heap   total 152576K, used 46829K [0x0000000084000000, 0x0000000100000000)
  region size 1024K, 10 young (10240K), 10 survivors (10240K)
 Metaspace       used 62466K, capacity 63291K, committed 63360K, reserved 1105920K
  class space    used 7197K, capacity 7545K, committed 7552K, reserved 1048576K
}
Event: 22.618 GC heap before
{Heap before GC invocations=11 (full 0):
 garbage-first heap   total 152576K, used 114413K [0x0000000084000000, 0x0000000100000000)
  region size 1024K, 75 young (76800K), 10 survivors (10240K)
 Metaspace       used 67041K, capacity 67924K, committed 68096K, reserved 1110016K
  class space    used 7472K, capacity 7836K, committed 7936K, reserved 1048576K
}
Event: 22.651 GC heap after
{Heap after GC invocations=12 (full 0):
 garbage-first heap   total 152576K, used 55147K [0x0000000084000000, 0x0000000100000000)
  region size 1024K, 8 young (8192K), 8 survivors (8192K)
 Metaspace       used 67041K, capacity 67924K, committed 68096K, reserved 1110016K
  class space    used 7472K, capacity 7836K, committed 7936K, reserved 1048576K
}
Event: 25.649 GC heap before
{Heap before GC invocations=12 (full 0):
 garbage-first heap   total 152576K, used 116587K [0x0000000084000000, 0x0000000100000000)
  region size 1024K, 68 young (69632K), 8 survivors (8192K)
 Metaspace       used 74461K, capacity 75351K, committed 75648K, reserved 1116160K
  class space    used 8152K, capacity 8504K, committed 8576K, reserved 1048576K
}
Event: 25.676 GC heap after
{Heap after GC invocations=13 (full 0):
 garbage-first heap   total 183296K, used 61952K [0x0000000084000000, 0x0000000100000000)
  region size 1024K, 7 young (7168K), 7 survivors (7168K)
 Metaspace       used 74461K, capacity 75351K, committed 75648K, reserved 1116160K
  class space    used 8152K, capacity 8504K, committed 8576K, reserved 1048576K
}

